<?xml version="1.0" encoding="utf-8" standalone="no"?>
<!--This file represents the results of running a test suite-->
<test-results name="D:\LABWorks\CodingStuff\LABSoft\Textile\Textile.UnitTests\bin\Release\Textile.UnitTests.exe" total="61" failures="0" not-run="0" date="2007-07-10" time="21:58:26">
  <environment nunit-version="2.4.0.2" clr-version="2.0.50727.42" os-version="Microsoft Windows NT 5.1.2600 Service Pack 2" platform="Win32NT" cwd="D:\LABWorks\CodingStuff\LABSoft\Textile\Textile.UnitTests\bin\Release" machine-name="LORDABDUL" user="Abdul" user-domain="LORDABDUL" />
  <culture-info current-culture="en-CA" current-uiculture="en-US" />
  <test-suite name="D:\LABWorks\CodingStuff\LABSoft\Textile\Textile.UnitTests\bin\Release\Textile.UnitTests.exe" success="True" time="1.750" asserts="0">
    <results>
      <test-suite name="Textile" success="True" time="1.750" asserts="0">
        <results>
          <test-suite name="UnitTests" success="True" time="1.750" asserts="0">
            <results>
              <test-suite name="BlockAttributesParserTest" success="True" time="0.109" asserts="0">
                <results>
                  <test-case name="Textile.UnitTests.BlockAttributesParserTest.ParseBlockAttributesBlockAlign" executed="True" success="True" time="0.094" asserts="1" />
                  <test-case name="Textile.UnitTests.BlockAttributesParserTest.ParseBlockAttributesCombinedAlignsAndIndents" executed="True" success="True" time="0.000" asserts="1" />
                  <test-case name="Textile.UnitTests.BlockAttributesParserTest.ParseBlockAttributesCombinedAll" executed="True" success="True" time="0.000" asserts="1" />
                  <test-case name="Textile.UnitTests.BlockAttributesParserTest.ParseBlockAttributesTestBlockIndent" executed="True" success="True" time="0.000" asserts="1" />
                  <test-case name="Textile.UnitTests.BlockAttributesParserTest.ParseBlockAttributesTestClass" executed="True" success="True" time="0.000" asserts="1" />
                  <test-case name="Textile.UnitTests.BlockAttributesParserTest.ParseBlockAttributesTestClassAndId" executed="True" success="True" time="0.000" asserts="1" />
                  <test-case name="Textile.UnitTests.BlockAttributesParserTest.ParseBlockAttributesTestCustomStyle" executed="True" success="True" time="0.000" asserts="1" />
                  <test-case name="Textile.UnitTests.BlockAttributesParserTest.ParseBlockAttributesTestId" executed="True" success="True" time="0.000" asserts="1" />
                  <test-case name="Textile.UnitTests.BlockAttributesParserTest.ParseBlockAttributesTestLanguage" executed="True" success="True" time="0.000" asserts="1" />
                </results>
              </test-suite>
              <test-suite name="CodeFormatterTest" success="True" time="0.000" asserts="0">
                <results>
                  <test-case name="Textile.UnitTests.CodeFormatterTest.CodeFormatTest" executed="True" success="True" time="0.000" asserts="0" />
                </results>
              </test-suite>
              <test-suite name="DataDrivenTest" success="True" time="1.453" asserts="0">
                <results>
                  <test-case name="Textile.UnitTests.DataDrivenTest.TestDataFiles" executed="True" success="True" time="1.453" asserts="625" />
                </results>
              </test-suite>
              <test-suite name="FootNotesReferencesFormatterTest" success="True" time="0.000" asserts="0">
                <results>
                  <test-case name="Textile.UnitTests.FootNotesReferencesFormatterTest.FootNotesReferencesTest" executed="True" success="True" time="0.000" asserts="1" />
                </results>
              </test-suite>
              <test-suite name="GlyphsFormatterTest" success="True" time="0.016" asserts="0">
                <results>
                  <test-case name="Textile.UnitTests.GlyphsFormatterTest.GlyphsFormatTestAcronym" executed="True" success="True" time="0.000" asserts="1" />
                  <test-case name="Textile.UnitTests.GlyphsFormatterTest.GlyphsFormatTestCopyright" executed="True" success="True" time="0.000" asserts="1" />
                  <test-case name="Textile.UnitTests.GlyphsFormatterTest.GlyphsFormatTestDimensionSign" executed="True" success="True" time="0.000" asserts="1" />
                  <test-case name="Textile.UnitTests.GlyphsFormatterTest.GlyphsFormatTestDoubleQuotes" executed="True" success="True" time="0.000" asserts="1" />
                  <test-case name="Textile.UnitTests.GlyphsFormatterTest.GlyphsFormatTestEllipsis" executed="True" success="True" time="0.000" asserts="1" />
                  <test-case name="Textile.UnitTests.GlyphsFormatterTest.GlyphsFormatTestEmDash" executed="True" success="True" time="0.000" asserts="1" />
                  <test-case name="Textile.UnitTests.GlyphsFormatterTest.GlyphsFormatTestEnDash" executed="True" success="True" time="0.000" asserts="1" />
                  <test-case name="Textile.UnitTests.GlyphsFormatterTest.GlyphsFormatTestRegistered" executed="True" success="True" time="0.000" asserts="1" />
                  <test-case name="Textile.UnitTests.GlyphsFormatterTest.GlyphsFormatTestSimpleQuotes" executed="True" success="True" time="0.000" asserts="1" />
                  <test-case name="Textile.UnitTests.GlyphsFormatterTest.GlyphsFormatTestTrademark" executed="True" success="True" time="0.016" asserts="1" />
                </results>
              </test-suite>
              <test-suite name="HyperLinksFormatterTest" success="True" time="0.000" asserts="0">
                <results>
                  <test-case name="Textile.UnitTests.HyperLinksFormatterTest.HyperLinksFormatSimpleTest" executed="True" success="True" time="0.000" asserts="1" />
                  <test-case name="Textile.UnitTests.HyperLinksFormatterTest.HyperLinksFormatTestInSentence" executed="True" success="True" time="0.000" asserts="1" />
                  <test-case name="Textile.UnitTests.HyperLinksFormatterTest.HyperLinksFormatTestWithTitle" executed="True" success="True" time="0.000" asserts="1" />
                </results>
              </test-suite>
              <test-suite name="ImageFormatterTest" success="True" time="0.000" asserts="0">
                <results>
                  <test-case name="Textile.UnitTests.ImageFormatterTest.ImagesFormatTestAlignments" executed="True" success="True" time="0.000" asserts="1" />
                  <test-case name="Textile.UnitTests.ImageFormatterTest.ImagesFormatTestInSentence" executed="True" success="True" time="0.000" asserts="1" />
                  <test-case name="Textile.UnitTests.ImageFormatterTest.ImagesFormatTestSimple" executed="True" success="True" time="0.000" asserts="1" />
                  <test-case name="Textile.UnitTests.ImageFormatterTest.ImagesFormatTestWithLink" executed="True" success="True" time="0.000" asserts="1" />
                  <test-case name="Textile.UnitTests.ImageFormatterTest.ImagesFormatTestWithTitle" executed="True" success="True" time="0.000" asserts="1" />
                </results>
              </test-suite>
              <test-suite name="NoTextileFormatterTest" success="True" time="0.000" asserts="0">
                <results>
                  <test-case name="Textile.UnitTests.NoTextileFormatterTest.EncodeNoTextileZonesTest" executed="True" success="True" time="0.000" asserts="0" />
                </results>
              </test-suite>
              <test-suite name="PhraseModifierFormatterTest" success="True" time="0.016" asserts="0">
                <results>
                  <test-case name="Textile.UnitTests.PhraseModifierFormatterTest.PhraseModifierFormatTestAllMixed" executed="True" success="True" time="0.000" asserts="1" />
                  <test-case name="Textile.UnitTests.PhraseModifierFormatterTest.PhraseModifierFormatTestBold" executed="True" success="True" time="0.000" asserts="1" />
                  <test-case name="Textile.UnitTests.PhraseModifierFormatterTest.PhraseModifierFormatTestCitation" executed="True" success="True" time="0.000" asserts="1" />
                  <test-case name="Textile.UnitTests.PhraseModifierFormatterTest.PhraseModifierFormatTestCode" executed="True" success="True" time="0.000" asserts="1" />
                  <test-case name="Textile.UnitTests.PhraseModifierFormatterTest.PhraseModifierFormatTestDeleted" executed="True" success="True" time="0.000" asserts="1" />
                  <test-case name="Textile.UnitTests.PhraseModifierFormatterTest.PhraseModifierFormatTestEmphasis" executed="True" success="True" time="0.000" asserts="1" />
                  <test-case name="Textile.UnitTests.PhraseModifierFormatterTest.PhraseModifierFormatTestInsertion" executed="True" success="True" time="0.000" asserts="1" />
                  <test-case name="Textile.UnitTests.PhraseModifierFormatterTest.PhraseModifierFormatTestItalic" executed="True" success="True" time="0.000" asserts="1" />
                  <test-case name="Textile.UnitTests.PhraseModifierFormatterTest.PhraseModifierFormatTestMultipleEmphasis" executed="True" success="True" time="0.000" asserts="1" />
                  <test-case name="Textile.UnitTests.PhraseModifierFormatterTest.PhraseModifierFormatTestSimpleSpan" executed="True" success="True" time="0.000" asserts="1" />
                  <test-case name="Textile.UnitTests.PhraseModifierFormatterTest.PhraseModifierFormatTestStrong" executed="True" success="True" time="0.000" asserts="1" />
                  <test-case name="Textile.UnitTests.PhraseModifierFormatterTest.PhraseModifierFormatTestStyledSpan" executed="True" success="True" time="0.000" asserts="1" />
                  <test-case name="Textile.UnitTests.PhraseModifierFormatterTest.PhraseModifierFormatTestSubScript" executed="True" success="True" time="0.000" asserts="1" />
                  <test-case name="Textile.UnitTests.PhraseModifierFormatterTest.PhraseModifierFormatTestSuperScript" executed="True" success="True" time="0.000" asserts="1" />
                </results>
              </test-suite>
              <test-suite name="TextileFormatterTest" success="True" time="0.141" asserts="0">
                <results>
                  <test-case name="Textile.UnitTests.TextileFormatterTest.FormatTestBlockQuote" executed="True" success="True" time="0.016" asserts="1" />
                  <test-case name="Textile.UnitTests.TextileFormatterTest.FormatTestFootNote" executed="True" success="True" time="0.000" asserts="1" />
                  <test-case name="Textile.UnitTests.TextileFormatterTest.FormatTestHeaders" executed="True" success="True" time="0.016" asserts="2" />
                  <test-case name="Textile.UnitTests.TextileFormatterTest.FormatTestListNested" executed="True" success="True" time="0.016" asserts="1" />
                  <test-case name="Textile.UnitTests.TextileFormatterTest.FormatTestListSimple" executed="True" success="True" time="0.000" asserts="1" />
                  <test-case name="Textile.UnitTests.TextileFormatterTest.FormatTestOneParagraph" executed="True" success="True" time="0.000" asserts="1" />
                  <test-case name="Textile.UnitTests.TextileFormatterTest.FormatTestOneParagraphWithLineBreak" executed="True" success="True" time="0.000" asserts="1" />
                  <test-case name="Textile.UnitTests.TextileFormatterTest.FormatTestParagraphWithClass" executed="True" success="True" time="0.000" asserts="1" />
                  <test-case name="Textile.UnitTests.TextileFormatterTest.FormatTestParagraphWithClassAndID" executed="True" success="True" time="0.016" asserts="1" />
                  <test-case name="Textile.UnitTests.TextileFormatterTest.FormatTestParagraphWithID" executed="True" success="True" time="0.000" asserts="1" />
                  <test-case name="Textile.UnitTests.TextileFormatterTest.FormatTestRandomSentences" executed="True" success="True" time="0.000" asserts="1" />
                  <test-case name="Textile.UnitTests.TextileFormatterTest.FormatTestSytledParagraph" executed="True" success="True" time="0.016" asserts="1" />
                  <test-case name="Textile.UnitTests.TextileFormatterTest.FormatTestTableSimple" executed="True" success="True" time="0.000" asserts="1" />
                  <test-case name="Textile.UnitTests.TextileFormatterTest.FormatTestTableWithCellAttributes" executed="True" success="True" time="0.031" asserts="1" />
                  <test-case name="Textile.UnitTests.TextileFormatterTest.FormatTestTableWithHeaders" executed="True" success="True" time="0.000" asserts="1" />
                  <test-case name="Textile.UnitTests.TextileFormatterTest.FormatTestTwoParagraphs" executed="True" success="True" time="0.016" asserts="1" />
                </results>
              </test-suite>
            </results>
          </test-suite>
        </results>
      </test-suite>
    </results>
  </test-suite>
</test-results>